<?xml version="1.0" encoding="UTF-8"?>
<!-- Generated by org.testng.reporters.JUnitReportReporter -->
<testsuite skipped="0" hostname="Admin_SRV-PC" name="FindElementsngetlinkcount.Getlinkcountandtext" tests="1" failures="0" timestamp="2022-04-23T08:52:41 IST" time="27.330" errors="0">
  <testcase name="test" time="27.330" classname="FindElementsngetlinkcount.Getlinkcountandtext"/>
  <system-out/>
</testsuite> <!-- FindElementsngetlinkcount.Getlinkcountandtext -->
