<?xml version="1.0" encoding="UTF-8"?>
<!-- Generated by org.testng.reporters.JUnitReportReporter -->
<testsuite skipped="0" hostname="Admin_SRV-PC" name="Restassured.putpatchndelete" tests="1" failures="0" timestamp="2022-04-26T09:24:28 IST" time="3.335" errors="0">
  <testcase name="deletemethod" time="3.335" classname="Restassured.putpatchndelete"/>
  <system-out/>
</testsuite> <!-- Restassured.putpatchndelete -->
