<?xml version="1.0" encoding="UTF-8"?>
<!-- Generated by org.testng.reporters.JUnitReportReporter -->
<testsuite skipped="0" hostname="Admin_SRV-PC" name="Tests.Dataproviderlogin" tests="24" failures="0" timestamp="2022-04-20T10:17:02 IST" time="160.050" errors="0">
  <testcase name="finaldata" time="5.925" classname="Tests.Dataproviderlogin"/>
  <system-out/>
  <testcase name="finaldata" time="5.843" classname="Tests.Dataproviderlogin"/>
  <system-out/>
  <testcase name="finaldata" time="6.565" classname="Tests.Dataproviderlogin"/>
  <system-out/>
  <testcase name="finaldata" time="6.407" classname="Tests.Dataproviderlogin"/>
  <system-out/>
  <testcase name="finaldata" time="8.045" classname="Tests.Dataproviderlogin"/>
  <system-out/>
  <testcase name="finaldata" time="8.291" classname="Tests.Dataproviderlogin"/>
  <system-out/>
  <testcase name="finaldata" time="7.166" classname="Tests.Dataproviderlogin"/>
  <system-out/>
  <testcase name="finaldata" time="6.048" classname="Tests.Dataproviderlogin"/>
  <system-out/>
  <testcase name="finaldata" time="6.892" classname="Tests.Dataproviderlogin"/>
  <system-out/>
  <testcase name="finaldata" time="5.857" classname="Tests.Dataproviderlogin"/>
  <system-out/>
  <testcase name="finaldata" time="6.124" classname="Tests.Dataproviderlogin"/>
  <system-out/>
  <testcase name="finaldata" time="5.921" classname="Tests.Dataproviderlogin"/>
  <system-out/>
  <testcase name="finaldata" time="5.852" classname="Tests.Dataproviderlogin"/>
  <system-out/>
  <testcase name="finaldata" time="13.562" classname="Tests.Dataproviderlogin"/>
  <system-out/>
  <testcase name="finaldata" time="6.594" classname="Tests.Dataproviderlogin"/>
  <system-out/>
  <testcase name="finaldata" time="5.817" classname="Tests.Dataproviderlogin"/>
  <system-out/>
  <testcase name="finaldata" time="5.840" classname="Tests.Dataproviderlogin"/>
  <system-out/>
  <testcase name="finaldata" time="5.852" classname="Tests.Dataproviderlogin"/>
  <system-out/>
  <testcase name="finaldata" time="6.256" classname="Tests.Dataproviderlogin"/>
  <system-out/>
  <testcase name="finaldata" time="6.154" classname="Tests.Dataproviderlogin"/>
  <system-out/>
  <testcase name="finaldata" time="5.864" classname="Tests.Dataproviderlogin"/>
  <system-out/>
  <testcase name="finaldata" time="6.759" classname="Tests.Dataproviderlogin"/>
  <system-out/>
  <testcase name="finaldata" time="6.546" classname="Tests.Dataproviderlogin"/>
  <system-out/>
  <testcase name="finaldata" time="5.870" classname="Tests.Dataproviderlogin"/>
  <system-out/>
</testsuite> <!-- Tests.Dataproviderlogin -->
