<?xml version="1.0" encoding="UTF-8"?>
<!-- Generated by org.testng.reporters.JUnitReportReporter -->
<testsuite skipped="0" hostname="Admin_SRV-PC" name="Restassured.getnpostlocal" tests="3" failures="0" timestamp="2022-04-26T10:26:18 IST" time="2.867" errors="0">
  <testcase name="testpost" time="0.354" classname="Restassured.getnpostlocal"/>
  <system-out/>
  <testcase name="testpost" time="0.063" classname="Restassured.getnpostlocal"/>
  <system-out/>
  <testcase name="getmethod" time="2.450" classname="Restassured.getnpostlocal"/>
  <system-out/>
</testsuite> <!-- Restassured.getnpostlocal -->
