<?xml version="1.0" encoding="UTF-8"?>
<!-- Generated by org.testng.reporters.JUnitReportReporter -->
<testsuite skipped="0" hostname="Admin_SRV-PC" name="Restassured.Getnpost" tests="1" failures="0" timestamp="2022-04-26T09:05:13 IST" time="3.492" errors="0">
  <testcase name="getmethod" time="3.492" classname="Restassured.Getnpost"/>
  <system-out/>
</testsuite> <!-- Restassured.Getnpost -->
